   0   -0.556  -0.450  -0.415   0.00000  0.00000          0.0     10568.0  0.29465E-01  0.29465E-01
   0   -0.220   0.392   0.118   0.00000  0.00000          0.0       875.0  0.22594E-02  0.22594E-02
   0    0.115   0.860  -0.002   0.00000  0.00000          0.0     12067.0  0.33499E-01  0.33499E-01
   0   -0.250   0.195   0.141   0.00000  0.00000          0.0      1214.0  0.29134E-02  0.29134E-02
   0    0.328  -0.705   0.031   0.00000  0.00000          0.0      4668.0  0.12808E-01  0.12808E-01
   0   -0.144   0.334   0.225   0.00000  0.00000          0.0      2039.0  0.51931E-02  0.51931E-02
   0   -0.625  -0.034   0.032   0.00000  0.00000          0.0       894.0  0.19550E-02  0.19550E-02
   0   -0.045   0.648  -0.138   0.00000  0.00000          0.0     19611.0  0.54482E-01  0.54482E-01
   0   -0.895  -0.063  -0.072   0.00000  0.00000          0.0     23284.0  0.64582E-01  0.64582E-01
   0    0.127   0.433   0.140   0.00000  0.00000          0.0      5542.0  0.14988E-01  0.14988E-01
   0    0.134   0.745  -0.383   0.00000  0.00000          0.0     34456.0  0.95419E-01  0.95419E-01
   0    0.012   0.462   0.584   0.00000  0.00000          0.0      8677.0  0.23245E-01  0.23245E-01
   0   -0.168  -0.665  -0.185   0.00000  0.00000          0.0     30148.0  0.83567E-01  0.83567E-01
   0    0.232  -0.371   0.420   0.00000  0.00000          0.0     17722.0  0.48655E-01  0.48655E-01
   0    0.155   0.376   0.593   0.00000  0.00000          0.0     23874.0  0.65767E-01  0.65767E-01
   0   -0.285  -0.076   0.106   0.00000  0.00000          0.0     20575.0  0.57181E-01  0.57181E-01
   0   -0.159   0.070  -0.288   0.00000  0.00000          0.0      4986.0  0.13514E-01  0.13514E-01
   0    0.416  -0.371  -0.163   0.00000  0.00000          0.0     40550.0  0.11323      0.11323    
   0   -0.017  -0.044   0.119   0.00000  0.00000          0.0      2931.0  0.77506E-02  0.77506E-02
   0    0.093  -0.033  -0.571   0.00000  0.00000          0.0      6621.0  0.18111E-01  0.18111E-01
   0   -0.306   0.821   0.026   0.00000  0.00000          0.0      9241.0  0.25407E-01  0.25407E-01
   0   -0.086  -0.464   0.035   0.00000  0.00000          0.0      1683.0  0.46376E-02  0.46376E-02
   0   -0.697  -0.294   0.105   0.00000  0.00000          0.0      3296.0  0.89816E-02  0.89816E-02
   0    0.501  -0.115   0.294   0.00000  0.00000          0.0     11925.0  0.32991E-01  0.32991E-01
   0    0.020   0.408  -0.381   0.00000  0.00000          0.0     10135.0  0.28066E-01  0.28066E-01
   0    0.323  -0.745  -0.183   0.00000  0.00000          0.0     20391.0  0.56343E-01  0.56343E-01
   0   -0.813  -0.091  -0.029   0.00000  0.00000          0.0      3978.0  0.10879E-01  0.10879E-01
   0   -0.116  -0.787   0.096   0.00000  0.00000          0.0     56530.0  0.15629      0.15629    
   0   -0.331  -0.247   0.055   0.00000  0.00000          0.0      2349.0  0.62862E-02  0.62862E-02
   0   -0.801  -0.053   0.424   0.00000  0.00000          0.0       641.0  0.17294E-02  0.17294E-02
   0    0.488  -0.244   0.760   0.00000  0.00000          0.0      7077.0  0.20018E-01  0.20018E-01
   0   -0.734  -0.543  -0.226   0.00000  0.00000          0.0     16492.0  0.45204E-01  0.45204E-01
   0    0.493   0.290   0.093   0.00000  0.00000          0.0      2045.0  0.54238E-02  0.54238E-02
   0   -0.314  -0.285  -0.397   0.00000  0.00000          0.0     12385.0  0.33618E-01  0.33618E-01
   0    0.229   0.720  -0.075   0.00000  0.00000          0.0      6502.0  0.17890E-01  0.17890E-01
   0    0.449  -0.112   0.718   0.00000  0.00000          0.0      3755.0  0.10463E-01  0.10463E-01
   0    0.097   0.511  -0.013   0.00000  0.00000          0.0     39517.0  0.10930      0.10930    
   0   -0.279   0.173  -0.097   0.00000  0.00000          0.0     25336.0  0.70274E-01  0.70274E-01
   0   -0.311   0.796   0.000   0.00000  0.00000          0.0     11004.0  0.29842E-01  0.29842E-01
   0    0.093  -0.855  -0.365   0.00000  0.00000          0.0     20227.0  0.56215E-01  0.56215E-01
   0   -0.014   0.315  -0.447   0.00000  0.00000          0.0     12648.0  0.34989E-01  0.34989E-01
   0   -0.480  -0.565  -0.225   0.00000  0.00000          0.0     13753.0  0.37635E-01  0.37635E-01
   0    0.008  -0.273   0.456   0.00000  0.00000          0.0     26822.0  0.72380E-01  0.72380E-01
   0    0.077   0.231   0.354   0.00000  0.00000          0.0     23632.0  0.65520E-01  0.65520E-01
   0   -0.389  -0.531  -0.268   0.00000  0.00000          0.0     84439.0  0.23313      0.23313    
   0    0.210   0.491   0.524   0.00000  0.00000          0.0     18279.0  0.51024E-01  0.51024E-01
   0   -0.018  -0.744  -0.000   0.00000  0.00000          0.0     13394.0  0.37361E-01  0.37361E-01
   0   -0.072   0.468   0.000   0.00000  0.00000          0.0      5084.0  0.13688E-01  0.13688E-01
   0   -0.334   0.303   0.058   0.00000  0.00000          0.0     15277.0  0.42364E-01  0.42364E-01
   0   -0.214  -0.367   0.249   0.00000  0.00000          0.0      7913.0  0.21733E-01  0.21733E-01
